<?xml version="1.0" encoding="UTF-8"?>
<!-- Generated by org.testng.reporters.JUnitReportReporter -->
<testsuite hostname="LAPTOP-UDQTPKVV" failures="0" tests="7" name="tests.BNSExcelDataTest" time="122.613" errors="0" timestamp="25 May 2020 17:38:55 GMT" skipped="0">
  <testcase classname="tests.BNSExcelDataTest" name="bnspage" time="19.877"/>
  <testcase classname="tests.BNSExcelDataTest" name="bnspage" time="15.608"/>
  <testcase classname="tests.BNSExcelDataTest" name="bnspage" time="17.892"/>
  <testcase classname="tests.BNSExcelDataTest" name="bnspage" time="14.949"/>
  <testcase classname="tests.BNSExcelDataTest" name="bnspage" time="17.957"/>
  <testcase classname="tests.BNSExcelDataTest" name="bnspage" time="17.807"/>
  <testcase classname="tests.BNSExcelDataTest" name="bnspage" time="18.523"/>
</testsuite> <!-- tests.BNSExcelDataTest -->
